
11월 08, 2023 14:33:33.62 NEW SESSION
11월 08, 2023 14:33:33.64 [9800:28752:1108/143333.627:ERROR:device_event_log_impl.cc(192)] [14:33:33.627] USB: usb_service_win.cc:415 Could not read device interface GUIDs: 지정된 파일을 찾을 수 없습니다. (0x2)
11월 08, 2023 15:56:34.57 [31528:14496:1108/155634.578:ERROR:device_event_log_impl.cc(192)] [15:56:34.578] USB: usb_service_win.cc:415 Could not read device interface GUIDs: 지정된 파일을 찾을 수 없습니다. (0x2)
11월 08, 2023 16:18:37.28 [11232:6464:1108/161837.282:ERROR:device_event_log_impl.cc(192)] [16:18:37.282] USB: usb_service_win.cc:415 Could not read device interface GUIDs: 지정된 파일을 찾을 수 없습니다. (0x2)

11월 10, 2023 14:38:04.98 NEW SESSION
11월 10, 2023 14:38:05.00 [26184:17720:1110/143804.987:ERROR:device_event_log_impl.cc(192)] [14:38:04.988] USB: usb_service_win.cc:415 Could not read device interface GUIDs: 지정된 파일을 찾을 수 없습니다. (0x2)

11월 12, 2023 04:23:56.37 NEW SESSION
11월 12, 2023 04:23:56.38 [20520:23260:1112/042356.373:ERROR:device_event_log_impl.cc(192)] [04:23:56.372] USB: usb_service_win.cc:415 Could not read device interface GUIDs: 지정된 파일을 찾을 수 없습니다. (0x2)

11월 14, 2023 14:25:11.45 NEW SESSION
11월 14, 2023 14:25:11.46 [18832:19148:1114/142511.448:ERROR:device_event_log_impl.cc(192)] [14:25:11.448] USB: usb_service_win.cc:415 Could not read device interface GUIDs: 지정된 파일을 찾을 수 없습니다. (0x2)
11월 14, 2023 21:30:56.32 [18832:19148:1114/213056.321:ERROR:interface_endpoint_client.cc(702)] Message 0 rejected by interface blink.mojom.WidgetHost
11월 14, 2023 21:32:01.95 [18832:19148:1114/213201.956:ERROR:interface_endpoint_client.cc(702)] Message 0 rejected by interface blink.mojom.WidgetHost
11월 14, 2023 22:03:33.87 [18832:19148:1114/220333.875:ERROR:interface_endpoint_client.cc(702)] Message 0 rejected by interface blink.mojom.WidgetHost
11월 14, 2023 22:48:14.22 [18832:19148:1114/224814.219:ERROR:device_event_log_impl.cc(192)] [22:48:14.216] USB: usb_service_win.cc:104 SetupDiGetDeviceProperty({{A45C254E-DF1C-4EFD-8020-67D146A850E0}, 6}) failed: 요소가 없습니다. (0x490)
11월 14, 2023 23:45:18.59 [18832:19148:1114/234518.594:ERROR:interface_endpoint_client.cc(702)] Message 5 rejected by interface blink.mojom.WidgetHost

11월 15, 2023 15:37:00.76 NEW SESSION
11월 15, 2023 15:37:00.78 [13028:4200:1115/153700.765:ERROR:device_event_log_impl.cc(192)] [15:37:00.763] USB: usb_service_win.cc:415 Could not read device interface GUIDs: 지정된 파일을 찾을 수 없습니다. (0x2)

11월 17, 2023 14:07:16.19 NEW SESSION
11월 17, 2023 14:07:16.20 [15716:24804:1117/140716.198:ERROR:device_event_log_impl.cc(192)] [14:07:16.198] USB: usb_service_win.cc:415 Could not read device interface GUIDs: 지정된 파일을 찾을 수 없습니다. (0x2)
11월 17, 2023 16:49:37.06 [15716:24804:1117/164937.060:ERROR:device_event_log_impl.cc(192)] [16:49:37.055] USB: usb_service_win.cc:104 SetupDiGetDeviceProperty({{A45C254E-DF1C-4EFD-8020-67D146A850E0}, 6}) failed: 요소가 없습니다. (0x490)

11월 21, 2023 13:53:24.46 NEW SESSION
11월 21, 2023 13:53:24.47 [29856:23612:1121/135324.460:ERROR:device_event_log_impl.cc(192)] [13:53:24.460] USB: usb_service_win.cc:415 Could not read device interface GUIDs: 지정된 파일을 찾을 수 없습니다. (0x2)
11월 21, 2023 14:14:12.74 [22220:18648:1121/141412.748:ERROR:device_event_log_impl.cc(192)] [14:14:12.747] USB: usb_service_win.cc:415 Could not read device interface GUIDs: 지정된 파일을 찾을 수 없습니다. (0x2)

11월 21, 2023 17:09:41.54 NEW SESSION
11월 21, 2023 17:09:41.56 [27228:24340:1121/170941.548:ERROR:device_event_log_impl.cc(192)] [17:09:41.548] USB: usb_service_win.cc:415 Could not read device interface GUIDs: 지정된 파일을 찾을 수 없습니다. (0x2)

11월 22, 2023 14:06:12.26 NEW SESSION
11월 22, 2023 14:06:12.28 [26796:20160:1122/140612.265:ERROR:device_event_log_impl.cc(192)] [14:06:12.265] USB: usb_service_win.cc:415 Could not read device interface GUIDs: 지정된 파일을 찾을 수 없습니다. (0x2)

11월 27, 2023 14:09:50.87 NEW SESSION
11월 27, 2023 14:09:50.88 [9008:34188:1127/140950.876:ERROR:device_event_log_impl.cc(192)] [14:09:50.876] USB: usb_service_win.cc:415 Could not read device interface GUIDs: 지정된 파일을 찾을 수 없습니다. (0x2)
11월 27, 2023 14:15:57.28 [9008:34188:1127/141557.289:ERROR:CONSOLE(1)] "This document requires 'TrustedHTML' assignment.", source: chrome-extension://obclhmidkhbpfoeegemkbippgboekhmk/dist/ruffle.js?id=83533891863 (1)
11월 27, 2023 14:15:57.29 [9008:34188:1127/141557.290:ERROR:CONSOLE(1)] "Uncaught TypeError: Failed to set the 'innerHTML' property on 'Element': This document requires 'TrustedHTML' assignment.", source: chrome-extension://obclhmidkhbpfoeegemkbippgboekhmk/dist/ruffle.js?id=83533891863 (1)
11월 27, 2023 14:58:29.94 [9008:34188:1127/145829.946:ERROR:CONSOLE(1)] "Request Storage.getStorageKeyForFrame failed. {"code":-32602,"message":"Frame tree node for given frame not found"}", source: devtools://devtools/bundled/devtools-frontend/front_end/core/protocol_client/protocol_client.js (1)
11월 27, 2023 15:00:18.49 [9008:34188:1127/150018.490:ERROR:CONSOLE(1)] "Request Storage.getStorageKeyForFrame failed. {"code":-32602,"message":"Frame tree node for given frame not found"}", source: devtools://devtools/bundled/devtools-frontend/front_end/core/protocol_client/protocol_client.js (1)
11월 27, 2023 15:27:22.93 [9008:34188:1127/152722.938:ERROR:CONSOLE(1)] "Request Storage.getStorageKeyForFrame failed. {"code":-32602,"message":"Frame tree node for given frame not found"}", source: devtools://devtools/bundled/devtools-frontend/front_end/core/protocol_client/protocol_client.js (1)
11월 27, 2023 15:29:05.11 [9008:34188:1127/152905.109:ERROR:CONSOLE(1)] "Request Storage.getStorageKeyForFrame failed. {"code":-32602,"message":"Frame tree node for given frame not found"}", source: devtools://devtools/bundled/devtools-frontend/front_end/core/protocol_client/protocol_client.js (1)
11월 27, 2023 15:30:07.14 [9008:34188:1127/153007.145:ERROR:CONSOLE(1)] "Request Storage.getStorageKeyForFrame failed. {"code":-32602,"message":"Frame tree node for given frame not found"}", source: devtools://devtools/bundled/devtools-frontend/front_end/core/protocol_client/protocol_client.js (1)
11월 27, 2023 15:30:32.33 [9008:34188:1127/153032.331:ERROR:CONSOLE(1)] "Request Storage.getStorageKeyForFrame failed. {"code":-32602,"message":"Frame tree node for given frame not found"}", source: devtools://devtools/bundled/devtools-frontend/front_end/core/protocol_client/protocol_client.js (1)
11월 27, 2023 15:32:08.37 [9008:34188:1127/153208.372:ERROR:CONSOLE(1)] "Request Storage.getStorageKeyForFrame failed. {"code":-32602,"message":"Frame tree node for given frame not found"}", source: devtools://devtools/bundled/devtools-frontend/front_end/core/protocol_client/protocol_client.js (1)
11월 27, 2023 15:32:12.32 [9008:34188:1127/153212.325:ERROR:CONSOLE(1)] "Request Storage.getStorageKeyForFrame failed. {"code":-32602,"message":"Frame tree node for given frame not found"}", source: devtools://devtools/bundled/devtools-frontend/front_end/core/protocol_client/protocol_client.js (1)
11월 27, 2023 16:18:14.46 [37612:32512:1127/161814.460:ERROR:device_event_log_impl.cc(192)] [16:18:14.461] USB: usb_service_win.cc:415 Could not read device interface GUIDs: 지정된 파일을 찾을 수 없습니다. (0x2)
